note: Using new build system
note: Planning build
note: Constructing build description
WriteAuxiliaryFile /Users/langlib/Desktop/Science/build/DependentBuilds/Science.build/Debug-iphoneos/oclint.build/Script-DC008E6421E82FA8002F3286.sh (in target: oclint)
    cd /Users/langlib/Desktop/Science
    write-file /Users/langlib/Desktop/Science/build/DependentBuilds/Science.build/Debug-iphoneos/oclint.build/Script-DC008E6421E82FA8002F3286.sh

PhaseScriptExecution Run\ Script /Users/langlib/Desktop/Science/build/DependentBuilds/Science.build/Debug-iphoneos/oclint.build/Script-DC008E6421E82FA8002F3286.sh (in target: oclint)
    cd /Users/langlib/Desktop/Science
    export ACTION=build
    export AD_HOC_CODE_SIGNING_ALLOWED=NO
    export ALTERNATE_GROUP=staff
    export ALTERNATE_MODE=u+w,go-w,a+rX
    export ALTERNATE_OWNER=langlib
    export ALWAYS_EMBED_SWIFT_STANDARD_LIBRARIES=NO
    export ALWAYS_SEARCH_USER_PATHS=NO
    export ALWAYS_USE_SEPARATE_HEADERMAPS=NO
    export APPLE_INTERNAL_DEVELOPER_DIR=/AppleInternal/Developer
    export APPLE_INTERNAL_DIR=/AppleInternal
    export APPLE_INTERNAL_DOCUMENTATION_DIR=/AppleInternal/Documentation
    export APPLE_INTERNAL_LIBRARY_DIR=/AppleInternal/Library
    export APPLE_INTERNAL_TOOLS=/AppleInternal/Developer/Tools
    export APPLICATION_EXTENSION_API_ONLY=NO
    export APPLY_RULES_IN_COPY_FILES=NO
    export ARCHS=arm64
    export ARCHS_STANDARD=arm64
    export ARCHS_STANDARD_32_64_BIT="armv7 arm64"
    export ARCHS_STANDARD_32_BIT=armv7
    export ARCHS_STANDARD_64_BIT=arm64
    export ARCHS_STANDARD_INCLUDING_64_BIT=arm64
    export ARCHS_UNIVERSAL_IPHONE_OS="armv7 arm64"
    export AVAILABLE_PLATFORMS="appletvos appletvsimulator iphoneos iphonesimulator macosx watchos watchsimulator"
    export BITCODE_GENERATION_MODE=marker
    export BUILD_ACTIVE_RESOURCES_ONLY=NO
    export BUILD_COMPONENTS="headers build"
    export BUILD_DIR=/Users/langlib/Desktop/Science/build
    export BUILD_ROOT=/Users/langlib/Desktop/Science/build
    export BUILD_STYLE=
    export BUILD_VARIANTS=normal
    export BUILT_PRODUCTS_DIR=/Users/langlib/Desktop/Science/build/Debug-iphoneos
    export CACHE_ROOT=/var/folders/nf/p_4bfj_55p71gq5lpv4lgjqc0000gn/C/com.apple.DeveloperTools/10.1-10B61/Xcode
    export CCHROOT=/var/folders/nf/p_4bfj_55p71gq5lpv4lgjqc0000gn/C/com.apple.DeveloperTools/10.1-10B61/Xcode
    export CHMOD=/bin/chmod
    export CHOWN=/usr/sbin/chown
    export CLANG_ANALYZER_NONNULL=YES
    export CLANG_ANALYZER_NUMBER_OBJECT_CONVERSION=YES_AGGRESSIVE
    export CLANG_CXX_LANGUAGE_STANDARD=gnu++14
    export CLANG_CXX_LIBRARY=libc++
    export CLANG_ENABLE_MODULES=YES
    export CLANG_ENABLE_OBJC_ARC=YES
    export CLANG_ENABLE_OBJC_WEAK=YES
    export CLANG_MODULES_BUILD_SESSION_FILE=/Users/langlib/Library/Developer/Xcode/DerivedData/ModuleCache.noindex/Session.modulevalidation
    export CLANG_WARN_BLOCK_CAPTURE_AUTORELEASING=YES
    export CLANG_WARN_BOOL_CONVERSION=YES
    export CLANG_WARN_COMMA=YES
    export CLANG_WARN_CONSTANT_CONVERSION=YES
    export CLANG_WARN_DEPRECATED_OBJC_IMPLEMENTATIONS=YES
    export CLANG_WARN_DIRECT_OBJC_ISA_USAGE=YES_ERROR
    export CLANG_WARN_DOCUMENTATION_COMMENTS=YES
    export CLANG_WARN_EMPTY_BODY=YES
    export CLANG_WARN_ENUM_CONVERSION=YES
    export CLANG_WARN_INFINITE_RECURSION=YES
    export CLANG_WARN_INT_CONVERSION=YES
    export CLANG_WARN_NON_LITERAL_NULL_CONVERSION=YES
    export CLANG_WARN_OBJC_IMPLICIT_RETAIN_SELF=YES
    export CLANG_WARN_OBJC_LITERAL_CONVERSION=YES
    export CLANG_WARN_OBJC_ROOT_CLASS=YES_ERROR
    export CLANG_WARN_RANGE_LOOP_ANALYSIS=YES
    export CLANG_WARN_STRICT_PROTOTYPES=YES
    export CLANG_WARN_SUSPICIOUS_MOVE=YES
    export CLANG_WARN_UNGUARDED_AVAILABILITY=YES_AGGRESSIVE
    export CLANG_WARN_UNREACHABLE_CODE=YES
    export CLANG_WARN__DUPLICATE_METHOD_MATCH=YES
    export CLASS_FILE_DIR=/Users/langlib/Desktop/Science/build/DependentBuilds/Science.build/Debug-iphoneos/oclint.build/JavaClasses
    export CLEAN_PRECOMPS=YES
    export CLONE_HEADERS=NO
    export CODESIGNING_FOLDER_PATH=/Users/langlib/Desktop/Science/build/Debug-iphoneos/
    export CODE_SIGNING_ALLOWED=NO
    export CODE_SIGNING_REQUIRED=YES
    export CODE_SIGN_CONTEXT_CLASS=XCiPhoneOSCodeSignContext
    export CODE_SIGN_IDENTITY="iPhone Developer"
    export CODE_SIGN_INJECT_BASE_ENTITLEMENTS=YES
    export CODE_SIGN_STYLE=Automatic
    export COLOR_DIAGNOSTICS=NO
    export COMBINE_HIDPI_IMAGES=NO
    export COMPILER_INDEX_STORE_ENABLE=Default
    export COMPOSITE_SDK_DIRS=/Users/langlib/Desktop/Science/build/DependentBuilds/CompositeSDKs
    export COMPRESS_PNG_FILES=YES
    export CONFIGURATION=Debug
    export CONFIGURATION_BUILD_DIR=/Users/langlib/Desktop/Science/build/Debug-iphoneos
    export CONFIGURATION_TEMP_DIR=/Users/langlib/Desktop/Science/build/DependentBuilds/Science.build/Debug-iphoneos
    export COPYING_PRESERVES_HFS_DATA=NO
    export COPY_HEADERS_RUN_UNIFDEF=NO
    export COPY_PHASE_STRIP=NO
    export COPY_RESOURCES_FROM_STATIC_FRAMEWORKS=YES
    export CORRESPONDING_SIMULATOR_PLATFORM_DIR=/Applications/Xcode.app/Contents/Developer/Platforms/iPhoneSimulator.platform
    export CORRESPONDING_SIMULATOR_PLATFORM_NAME=iphonesimulator
    export CORRESPONDING_SIMULATOR_SDK_DIR=/Applications/Xcode.app/Contents/Developer/Platforms/iPhoneSimulator.platform/Developer/SDKs/iPhoneSimulator12.1.sdk
    export CORRESPONDING_SIMULATOR_SDK_NAME=iphonesimulator12.1
    export CP=/bin/cp
    export CREATE_INFOPLIST_SECTION_IN_BINARY=NO
    export CURRENT_ARCH=undefined_arch
    export CURRENT_VARIANT=normal
    export DEAD_CODE_STRIPPING=YES
    export DEBUGGING_SYMBOLS=YES
    export DEBUG_INFORMATION_FORMAT=dwarf
    export DEFAULT_COMPILER=com.apple.compilers.llvm.clang.1_0
    export DEFAULT_KEXT_INSTALL_PATH=/System/Library/Extensions
    export DEFINES_MODULE=NO
    export DEPLOYMENT_LOCATION=NO
    export DEPLOYMENT_POSTPROCESSING=NO
    export DEPLOYMENT_TARGET_CLANG_ENV_NAME=IPHONEOS_DEPLOYMENT_TARGET
    export DEPLOYMENT_TARGET_CLANG_FLAG_NAME=miphoneos-version-min
    export DEPLOYMENT_TARGET_CLANG_FLAG_PREFIX=-miphoneos-version-min=
    export DEPLOYMENT_TARGET_LD_ENV_NAME=IPHONEOS_DEPLOYMENT_TARGET
    export DEPLOYMENT_TARGET_LD_FLAG_NAME=ios_version_min
    export DEPLOYMENT_TARGET_SETTING_NAME=IPHONEOS_DEPLOYMENT_TARGET
    export DEPLOYMENT_TARGET_SUGGESTED_VALUES="8.0 8.1 8.2 8.3 8.4 9.0 9.1 9.2 9.3 10.0 10.1 10.2 10.3 11.0 11.1 11.2 11.3 11.4 12.0 12.1"
    export DERIVED_FILES_DIR=/Users/langlib/Desktop/Science/build/DependentBuilds/Science.build/Debug-iphoneos/oclint.build/DerivedSources
    export DERIVED_FILE_DIR=/Users/langlib/Desktop/Science/build/DependentBuilds/Science.build/Debug-iphoneos/oclint.build/DerivedSources
    export DERIVED_SOURCES_DIR=/Users/langlib/Desktop/Science/build/DependentBuilds/Science.build/Debug-iphoneos/oclint.build/DerivedSources
    export DEVELOPER_APPLICATIONS_DIR=/Applications/Xcode.app/Contents/Developer/Applications
    export DEVELOPER_BIN_DIR=/Applications/Xcode.app/Contents/Developer/usr/bin
    export DEVELOPER_DIR=/Applications/Xcode.app/Contents/Developer
    export DEVELOPER_FRAMEWORKS_DIR=/Applications/Xcode.app/Contents/Developer/Library/Frameworks
    export DEVELOPER_FRAMEWORKS_DIR_QUOTED=/Applications/Xcode.app/Contents/Developer/Library/Frameworks
    export DEVELOPER_LIBRARY_DIR=/Applications/Xcode.app/Contents/Developer/Library
    export DEVELOPER_SDK_DIR=/Applications/Xcode.app/Contents/Developer/Platforms/MacOSX.platform/Developer/SDKs
    export DEVELOPER_TOOLS_DIR=/Applications/Xcode.app/Contents/Developer/Tools
    export DEVELOPER_USR_DIR=/Applications/Xcode.app/Contents/Developer/usr
    export DEVELOPMENT_LANGUAGE=en
    export DEVELOPMENT_TEAM=RPU264HFMW
    export DO_HEADER_SCANNING_IN_JAM=NO
    export DSTROOT=/tmp/Science.dst
    export DT_TOOLCHAIN_DIR=/Applications/Xcode.app/Contents/Developer/Toolchains/XcodeDefault.xctoolchain
    export DWARF_DSYM_FILE_NAME=.dSYM
    export DWARF_DSYM_FILE_SHOULD_ACCOMPANY_PRODUCT=NO
    export DWARF_DSYM_FOLDER_PATH=/Users/langlib/Desktop/Science/build/Debug-iphoneos
    export EFFECTIVE_PLATFORM_NAME=-iphoneos
    export EMBEDDED_CONTENT_CONTAINS_SWIFT=NO
    export EMBEDDED_PROFILE_NAME=embedded.mobileprovision
    export EMBED_ASSET_PACKS_IN_PRODUCT_BUNDLE=NO
    export ENABLE_BITCODE=YES
    export ENABLE_DEFAULT_HEADER_SEARCH_PATHS=YES
    export ENABLE_HEADER_DEPENDENCIES=YES
    export ENABLE_ON_DEMAND_RESOURCES=NO
    export ENABLE_STRICT_OBJC_MSGSEND=YES
    export ENABLE_TESTABILITY=YES
    export ENTITLEMENTS_DESTINATION=Signature
    export ENTITLEMENTS_REQUIRED=YES
    export EXCLUDED_INSTALLSRC_SUBDIRECTORY_PATTERNS=".DS_Store .svn .git .hg CVS"
    export EXCLUDED_RECURSIVE_SEARCH_PATH_SUBDIRECTORIES="*.nib *.lproj *.framework *.gch *.xcode* *.xcassets (*) .DS_Store CVS .svn .git .hg *.pbproj *.pbxproj"
    export FILE_LIST=/Users/langlib/Desktop/Science/build/DependentBuilds/Science.build/Debug-iphoneos/oclint.build/Objects/LinkFileList
    export FIXED_FILES_DIR=/Users/langlib/Desktop/Science/build/DependentBuilds/Science.build/Debug-iphoneos/oclint.build/FixedFiles
    export FRAMEWORK_VERSION=A
    export GCC3_VERSION=3.3
    export GCC_C_LANGUAGE_STANDARD=gnu11
    export GCC_DYNAMIC_NO_PIC=NO
    export GCC_NO_COMMON_BLOCKS=YES
    export GCC_OPTIMIZATION_LEVEL=0
    export GCC_PFE_FILE_C_DIALECTS="c objective-c c++ objective-c++"
    export GCC_PREPROCESSOR_DEFINITIONS="DEBUG=1 "
    export GCC_THUMB_SUPPORT=YES
    export GCC_TREAT_WARNINGS_AS_ERRORS=NO
    export GCC_VERSION=com.apple.compilers.llvm.clang.1_0
    export GCC_VERSION_IDENTIFIER=com_apple_compilers_llvm_clang_1_0
    export GCC_WARN_64_TO_32_BIT_CONVERSION=YES
    export GCC_WARN_ABOUT_RETURN_TYPE=YES_ERROR
    export GCC_WARN_UNDECLARED_SELECTOR=YES
    export GCC_WARN_UNINITIALIZED_AUTOS=YES_AGGRESSIVE
    export GCC_WARN_UNUSED_FUNCTION=YES
    export GCC_WARN_UNUSED_VARIABLE=YES
    export GENERATE_MASTER_OBJECT_FILE=NO
    export GENERATE_PKGINFO_FILE=NO
    export GENERATE_PROFILING_CODE=NO
    export GENERATE_TEXT_BASED_STUBS=NO
    export GID=20
    export GROUP=staff
    export HEADERMAP_INCLUDES_FLAT_ENTRIES_FOR_TARGET_BEING_BUILT=YES
    export HEADERMAP_INCLUDES_FRAMEWORK_ENTRIES_FOR_ALL_PRODUCT_TYPES=YES
    export HEADERMAP_INCLUDES_NONPUBLIC_NONPRIVATE_HEADERS=YES
    export HEADERMAP_INCLUDES_PROJECT_HEADERS=YES
    export HEADERMAP_USES_FRAMEWORK_PREFIX_ENTRIES=YES
    export HEADERMAP_USES_VFS=NO
    export HIDE_BITCODE_SYMBOLS=YES
    export HOME=/Users/langlib
    export ICONV=/usr/bin/iconv
    export INFOPLIST_EXPAND_BUILD_SETTINGS=YES
    export INFOPLIST_OUTPUT_FORMAT=binary
    export INFOPLIST_PREPROCESS=NO
    export INLINE_PRIVATE_FRAMEWORKS=NO
    export INSTALLHDRS_COPY_PHASE=NO
    export INSTALLHDRS_SCRIPT_PHASE=NO
    export INSTALL_DIR=/tmp/Science.dst
    export INSTALL_GROUP=staff
    export INSTALL_MODE_FLAG=u+w,go-w,a+rX
    export INSTALL_OWNER=langlib
    export INSTALL_ROOT=/tmp/Science.dst
    export IPHONEOS_DEPLOYMENT_TARGET=12.1
    export JAVAC_DEFAULT_FLAGS="-J-Xms64m -J-XX:NewSize=4M -J-Dfile.encoding=UTF8"
    export JAVA_APP_STUB=/System/Library/Frameworks/JavaVM.framework/Resources/MacOS/JavaApplicationStub
    export JAVA_ARCHIVE_CLASSES=YES
    export JAVA_ARCHIVE_TYPE=JAR
    export JAVA_COMPILER=/usr/bin/javac
    export JAVA_FRAMEWORK_RESOURCES_DIRS=Resources
    export JAVA_JAR_FLAGS=cv
    export JAVA_SOURCE_SUBDIR=.
    export JAVA_USE_DEPENDENCIES=YES
    export JAVA_ZIP_FLAGS=-urg
    export JIKES_DEFAULT_FLAGS="+E +OLDCSO"
    export KASAN_DEFAULT_CFLAGS="-DKASAN=1 -fsanitize=address -mllvm -asan-globals-live-support -mllvm -asan-force-dynamic-shadow"
    export KEEP_PRIVATE_EXTERNS=NO
    export LD_DEPENDENCY_INFO_FILE=/Users/langlib/Desktop/Science/build/DependentBuilds/Science.build/Debug-iphoneos/oclint.build/Objects-normal/undefined_arch/oclint_dependency_info.dat
    export LD_GENERATE_MAP_FILE=NO
    export LD_MAP_FILE_PATH=/Users/langlib/Desktop/Science/build/DependentBuilds/Science.build/Debug-iphoneos/oclint.build/oclint-LinkMap-normal-undefined_arch.txt
    export LD_NO_PIE=NO
    export LD_QUOTE_LINKER_ARGUMENTS_FOR_COMPILER_DRIVER=YES
    export LEGACY_DEVELOPER_DIR=/Applications/Xcode.app/Contents/PlugIns/Xcode3Core.ideplugin/Contents/SharedSupport/Developer
    export LEX=lex
    export LIBRARY_FLAG_NOSPACE=YES
    export LIBRARY_KEXT_INSTALL_PATH=/Library/Extensions
    export LINKER_DISPLAYS_MANGLED_NAMES=NO
    export LINK_FILE_LIST_normal_arm64=/Users/langlib/Desktop/Science/build/DependentBuilds/Science.build/Debug-iphoneos/oclint.build/Objects-normal/arm64/oclint.LinkFileList
    export LINK_WITH_STANDARD_LIBRARIES=YES
    export LOCALIZED_STRING_MACRO_NAMES="NSLocalizedString CFLocalizedString"
    export LOCAL_ADMIN_APPS_DIR=/Applications/Utilities
    export LOCAL_APPS_DIR=/Applications
    export LOCAL_DEVELOPER_DIR=/Library/Developer
    export LOCAL_LIBRARY_DIR=/Library
    export LOCROOT=/Users/langlib/Desktop/Science
    export LOCSYMROOT=/Users/langlib/Desktop/Science
    export MAC_OS_X_PRODUCT_BUILD_VERSION=18C54
    export MAC_OS_X_VERSION_ACTUAL=101402
    export MAC_OS_X_VERSION_MAJOR=101400
    export MAC_OS_X_VERSION_MINOR=1402
    export METAL_LIBRARY_FILE_BASE=default
    export METAL_LIBRARY_OUTPUT_DIR=/Users/langlib/Desktop/Science/build/Debug-iphoneos/
    export MODULE_CACHE_DIR=/Users/langlib/Library/Developer/Xcode/DerivedData/ModuleCache.noindex
    export MTL_ENABLE_DEBUG_INFO=INCLUDE_SOURCE
    export MTL_FAST_MATH=YES
    export NATIVE_ARCH=armv7
    export NATIVE_ARCH_32_BIT=i386
    export NATIVE_ARCH_64_BIT=x86_64
    export NATIVE_ARCH_ACTUAL=x86_64
    export NO_COMMON=YES
    export OBJECT_FILE_DIR=/Users/langlib/Desktop/Science/build/DependentBuilds/Science.build/Debug-iphoneos/oclint.build/Objects
    export OBJECT_FILE_DIR_normal=/Users/langlib/Desktop/Science/build/DependentBuilds/Science.build/Debug-iphoneos/oclint.build/Objects-normal
    export OBJROOT=/Users/langlib/Desktop/Science/build/DependentBuilds
    export ONLY_ACTIVE_ARCH=NO
    export OS=MACOS
    export OSAC=/usr/bin/osacompile
    export PASCAL_STRINGS=YES
    export PATH=/Applications/Xcode.app/Contents/Developer/Toolchains/XcodeDefault.xctoolchain/usr/bin:/Applications/Xcode.app/Contents/Developer/Toolchains/XcodeDefault.xctoolchain/usr/local/bin:/Applications/Xcode.app/Contents/Developer/Toolchains/XcodeDefault.xctoolchain/usr/libexec:/Applications/Xcode.app/Contents/Developer/Platforms/iPhoneOS.platform/usr/bin:/Applications/Xcode.app/Contents/Developer/Platforms/iPhoneOS.platform/usr/local/bin:/Applications/Xcode.app/Contents/Developer/Platforms/iPhoneOS.platform/Developer/usr/bin:/Applications/Xcode.app/Contents/Developer/Platforms/iPhoneOS.platform/Developer/usr/local/bin:/Applications/Xcode.app/Contents/Developer/usr/bin:/Applications/Xcode.app/Contents/Developer/usr/local/bin:/usr/local/bin:/usr/bin:/bin:/usr/sbin:/sbin
    export PATH_PREFIXES_EXCLUDED_FROM_HEADER_DEPENDENCIES="/usr/include /usr/local/include /System/Library/Frameworks /System/Library/PrivateFrameworks /Applications/Xcode.app/Contents/Developer/Headers /Applications/Xcode.app/Contents/Developer/SDKs /Applications/Xcode.app/Contents/Developer/Platforms"
    export PER_ARCH_OBJECT_FILE_DIR=/Users/langlib/Desktop/Science/build/DependentBuilds/Science.build/Debug-iphoneos/oclint.build/Objects-normal/undefined_arch
    export PER_VARIANT_OBJECT_FILE_DIR=/Users/langlib/Desktop/Science/build/DependentBuilds/Science.build/Debug-iphoneos/oclint.build/Objects-normal
    export PKGINFO_FILE_PATH=/Users/langlib/Desktop/Science/build/DependentBuilds/Science.build/Debug-iphoneos/oclint.build/PkgInfo
    export PLATFORM_DEVELOPER_APPLICATIONS_DIR=/Applications/Xcode.app/Contents/Developer/Platforms/iPhoneOS.platform/Developer/Applications
    export PLATFORM_DEVELOPER_BIN_DIR=/Applications/Xcode.app/Contents/Developer/Platforms/iPhoneOS.platform/Developer/usr/bin
    export PLATFORM_DEVELOPER_LIBRARY_DIR=/Applications/Xcode.app/Contents/Developer/Platforms/iPhoneOS.platform/Developer/Library
    export PLATFORM_DEVELOPER_SDK_DIR=/Applications/Xcode.app/Contents/Developer/Platforms/iPhoneOS.platform/Developer/SDKs
    export PLATFORM_DEVELOPER_TOOLS_DIR=/Applications/Xcode.app/Contents/Developer/Platforms/iPhoneOS.platform/Developer/Tools
    export PLATFORM_DEVELOPER_USR_DIR=/Applications/Xcode.app/Contents/Developer/Platforms/iPhoneOS.platform/Developer/usr
    export PLATFORM_DIR=/Applications/Xcode.app/Contents/Developer/Platforms/iPhoneOS.platform
    export PLATFORM_DISPLAY_NAME=iOS
    export PLATFORM_NAME=iphoneos
    export PLATFORM_PREFERRED_ARCH=arm64
    export PLATFORM_PRODUCT_BUILD_VERSION=16B91
    export PLIST_FILE_OUTPUT_FORMAT=binary
    export PRECOMPS_INCLUDE_HEADERS_FROM_BUILT_PRODUCTS_DIR=YES
    export PRECOMP_DESTINATION_DIR=/Users/langlib/Desktop/Science/build/DependentBuilds/Science.build/Debug-iphoneos/oclint.build/PrefixHeaders
    export PRESERVE_DEAD_CODE_INITS_AND_TERMS=NO
    export PRODUCT_MODULE_NAME=oclint
    export PRODUCT_NAME=oclint
    export PRODUCT_SETTINGS_PATH=
    export PROFILING_CODE=NO
    export PROJECT=Science
    export PROJECT_DERIVED_FILE_DIR=/Users/langlib/Desktop/Science/build/DependentBuilds/Science.build/DerivedSources
    export PROJECT_DIR=/Users/langlib/Desktop/Science
    export PROJECT_FILE_PATH=/Users/langlib/Desktop/Science/Science.xcodeproj
    export PROJECT_NAME=Science
    export PROJECT_TEMP_DIR=/Users/langlib/Desktop/Science/build/DependentBuilds/Science.build
    export PROJECT_TEMP_ROOT=/Users/langlib/Desktop/Science/build/DependentBuilds
    export RECURSIVE_SEARCH_PATHS_FOLLOW_SYMLINKS=YES
    export REMOVE_CVS_FROM_RESOURCES=YES
    export REMOVE_GIT_FROM_RESOURCES=YES
    export REMOVE_HEADERS_FROM_EMBEDDED_BUNDLES=YES
    export REMOVE_HG_FROM_RESOURCES=YES
    export REMOVE_SVN_FROM_RESOURCES=YES
    export REZ_COLLECTOR_DIR=/Users/langlib/Desktop/Science/build/DependentBuilds/Science.build/Debug-iphoneos/oclint.build/ResourceManagerResources
    export REZ_OBJECTS_DIR=/Users/langlib/Desktop/Science/build/DependentBuilds/Science.build/Debug-iphoneos/oclint.build/ResourceManagerResources/Objects
    export SCAN_ALL_SOURCE_FILES_FOR_INCLUDES=NO
    export SCRIPT_INPUT_FILE_COUNT=0
    export SCRIPT_INPUT_FILE_LIST_COUNT=0
    export SCRIPT_OUTPUT_FILE_COUNT=0
    export SCRIPT_OUTPUT_FILE_LIST_COUNT=0
    export SDKROOT=/Applications/Xcode.app/Contents/Developer/Platforms/iPhoneOS.platform/Developer/SDKs/iPhoneOS12.1.sdk
    export SDK_DIR=/Applications/Xcode.app/Contents/Developer/Platforms/iPhoneOS.platform/Developer/SDKs/iPhoneOS12.1.sdk
    export SDK_DIR_iphoneos12_1=/Applications/Xcode.app/Contents/Developer/Platforms/iPhoneOS.platform/Developer/SDKs/iPhoneOS12.1.sdk
    export SDK_NAME=iphoneos12.1
    export SDK_NAMES=iphoneos12.1
    export SDK_PRODUCT_BUILD_VERSION=16B91
    export SDK_VERSION=12.1
    export SDK_VERSION_ACTUAL=120100
    export SDK_VERSION_MAJOR=120000
    export SDK_VERSION_MINOR=100
    export SED=/usr/bin/sed
    export SEPARATE_STRIP=NO
    export SEPARATE_SYMBOL_EDIT=NO
    export SET_DIR_MODE_OWNER_GROUP=YES
    export SET_FILE_MODE_OWNER_GROUP=NO
    export SHALLOW_BUNDLE=NO
    export SHARED_DERIVED_FILE_DIR=/Users/langlib/Desktop/Science/build/Debug-iphoneos/DerivedSources
    export SHARED_PRECOMPS_DIR=/Users/langlib/Desktop/Science/build/DependentBuilds/SharedPrecompiledHeaders
    export SKIP_INSTALL=YES
    export SOURCE_ROOT=/Users/langlib/Desktop/Science
    export SRCROOT=/Users/langlib/Desktop/Science
    export STRINGS_FILE_OUTPUT_ENCODING=binary
    export STRIP_BITCODE_FROM_COPIED_FILES=YES
    export STRIP_INSTALLED_PRODUCT=YES
    export STRIP_STYLE=all
    export STRIP_SWIFT_SYMBOLS=YES
    export SUPPORTED_DEVICE_FAMILIES=1,2
    export SUPPORTED_PLATFORMS="iphoneos iphonesimulator"
    export SUPPORTS_TEXT_BASED_API=NO
    export SWIFT_PLATFORM_TARGET_PREFIX=ios
    export SYMROOT=/Users/langlib/Desktop/Science/build
    export SYSTEM_ADMIN_APPS_DIR=/Applications/Utilities
    export SYSTEM_APPS_DIR=/Applications
    export SYSTEM_CORE_SERVICES_DIR=/System/Library/CoreServices
    export SYSTEM_DEMOS_DIR=/Applications/Extras
    export SYSTEM_DEVELOPER_APPS_DIR=/Applications/Xcode.app/Contents/Developer/Applications
    export SYSTEM_DEVELOPER_BIN_DIR=/Applications/Xcode.app/Contents/Developer/usr/bin
    export SYSTEM_DEVELOPER_DEMOS_DIR="/Applications/Xcode.app/Contents/Developer/Applications/Utilities/Built Examples"
    export SYSTEM_DEVELOPER_DIR=/Applications/Xcode.app/Contents/Developer
    export SYSTEM_DEVELOPER_DOC_DIR="/Applications/Xcode.app/Contents/Developer/ADC Reference Library"
    export SYSTEM_DEVELOPER_GRAPHICS_TOOLS_DIR="/Applications/Xcode.app/Contents/Developer/Applications/Graphics Tools"
    export SYSTEM_DEVELOPER_JAVA_TOOLS_DIR="/Applications/Xcode.app/Contents/Developer/Applications/Java Tools"
    export SYSTEM_DEVELOPER_PERFORMANCE_TOOLS_DIR="/Applications/Xcode.app/Contents/Developer/Applications/Performance Tools"
    export SYSTEM_DEVELOPER_RELEASENOTES_DIR="/Applications/Xcode.app/Contents/Developer/ADC Reference Library/releasenotes"
    export SYSTEM_DEVELOPER_TOOLS=/Applications/Xcode.app/Contents/Developer/Tools
    export SYSTEM_DEVELOPER_TOOLS_DOC_DIR="/Applications/Xcode.app/Contents/Developer/ADC Reference Library/documentation/DeveloperTools"
    export SYSTEM_DEVELOPER_TOOLS_RELEASENOTES_DIR="/Applications/Xcode.app/Contents/Developer/ADC Reference Library/releasenotes/DeveloperTools"
    export SYSTEM_DEVELOPER_USR_DIR=/Applications/Xcode.app/Contents/Developer/usr
    export SYSTEM_DEVELOPER_UTILITIES_DIR=/Applications/Xcode.app/Contents/Developer/Applications/Utilities
    export SYSTEM_DOCUMENTATION_DIR=/Library/Documentation
    export SYSTEM_KEXT_INSTALL_PATH=/System/Library/Extensions
    export SYSTEM_LIBRARY_DIR=/System/Library
    export TAPI_VERIFY_MODE=ErrorsOnly
    export TARGETED_DEVICE_FAMILY=1
    export TARGETNAME=oclint
    export TARGET_BUILD_DIR=/Users/langlib/Desktop/Science/build/Debug-iphoneos
    export TARGET_NAME=oclint
    export TARGET_TEMP_DIR=/Users/langlib/Desktop/Science/build/DependentBuilds/Science.build/Debug-iphoneos/oclint.build
    export TEMP_DIR=/Users/langlib/Desktop/Science/build/DependentBuilds/Science.build/Debug-iphoneos/oclint.build
    export TEMP_FILES_DIR=/Users/langlib/Desktop/Science/build/DependentBuilds/Science.build/Debug-iphoneos/oclint.build
    export TEMP_FILE_DIR=/Users/langlib/Desktop/Science/build/DependentBuilds/Science.build/Debug-iphoneos/oclint.build
    export TEMP_ROOT=/Users/langlib/Desktop/Science/build/DependentBuilds
    export TOOLCHAINS=com.apple.dt.toolchain.XcodeDefault
    export TOOLCHAIN_DIR=/Applications/Xcode.app/Contents/Developer/Toolchains/XcodeDefault.xctoolchain
    export TREAT_MISSING_BASELINES_AS_TEST_FAILURES=NO
    export UID=501
    export UNSTRIPPED_PRODUCT=NO
    export USER=langlib
    export USER_APPS_DIR=/Users/langlib/Applications
    export USER_LIBRARY_DIR=/Users/langlib/Library
    export USE_DYNAMIC_NO_PIC=YES
    export USE_HEADERMAP=YES
    export USE_HEADER_SYMLINKS=NO
    export VALIDATE_PRODUCT=NO
    export VALID_ARCHS="arm64 arm64e armv7 armv7s"
    export VERBOSE_PBXCP=NO
    export VERSION_INFO_BUILDER=langlib
    export VERSION_INFO_FILE=oclint_vers.c
    export VERSION_INFO_STRING=""@(#)PROGRAM:oclint  PROJECT:Science-""
    export WRAP_ASSET_PACKS_IN_SEPARATE_DIRECTORIES=NO
    export XCODE_APP_SUPPORT_DIR=/Applications/Xcode.app/Contents/Developer/Library/Xcode
    export XCODE_PRODUCT_BUILD_VERSION=10B61
    export XCODE_VERSION_ACTUAL=1010
    export XCODE_VERSION_MAJOR=1000
    export XCODE_VERSION_MINOR=1010
    export XPCSERVICES_FOLDER_PATH=/XPCServices
    export YACC=yacc
    export arch=undefined_arch
    export variant=normal
    /bin/sh -c /Users/langlib/Desktop/Science/build/DependentBuilds/Science.build/Debug-iphoneos/oclint.build/Script-DC008E6421E82FA8002F3286.sh
Build settings from command line:
    TOOLCHAINS = com.apple.dt.toolchain.XcodeDefault

note: Using new build system


** CLEAN SUCCEEDED **

▸ Compiling ViewController+MASAdditions.m
▸ Compiling View+MASAdditions.m

⚠️  /Users/langlib/Desktop/Science/Pods/Masonry/Masonry/View+MASAdditions.m:14:65: parameter of overriding method should be annotated with __attribute__((noescape)) [-Wmissing-noescape]

- (NSArray *)mas_makeConstraints:(void(^)(MASConstraintMaker *))block {
                                                                ^



⚠️  /Users/langlib/Desktop/Science/Pods/Masonry/Masonry/View+MASAdditions.m:21:67: parameter of overriding method should be annotated with __attribute__((noescape)) [-Wmissing-noescape]

- (NSArray *)mas_updateConstraints:(void(^)(MASConstraintMaker *))block {
                                                                                ^



⚠️  /Users/langlib/Desktop/Science/Pods/Masonry/Masonry/View+MASAdditions.m:29:71: parameter of overriding method should be annotated with __attribute__((noescape)) [-Wmissing-noescape]

- (NSArray *)mas_remakeConstraints:(void(^)(MASConstraintMaker *make))block {
                                                                                  ^


▸ Compiling NSLayoutConstraint+MASDebugAdditions.m
▸ Compiling NSArray+MASAdditions.m

⚠️  /Users/langlib/Desktop/Science/Pods/Masonry/Masonry/NSArray+MASAdditions.m:14:69: parameter of overriding method should be annotated with __attribute__((noescape)) [-Wmissing-noescape]

- (NSArray *)mas_makeConstraints:(void(^)(MASConstraintMaker *make))block {
                                                                                  ^



⚠️  /Users/langlib/Desktop/Science/Pods/Masonry/Masonry/NSArray+MASAdditions.m:23:71: parameter of overriding method should be annotated with __attribute__((noescape)) [-Wmissing-noescape]

- (NSArray *)mas_updateConstraints:(void(^)(MASConstraintMaker *make))block {
                                                                                 ^



⚠️  /Users/langlib/Desktop/Science/Pods/Masonry/Masonry/NSArray+MASAdditions.m:32:71: parameter of overriding method should be annotated with __attribute__((noescape)) [-Wmissing-noescape]

- (NSArray *)mas_remakeConstraints:(void(^)(MASConstraintMaker *make))block {
                                                                                   ^


▸ Compiling Masonry-dummy.m
▸ Compiling MASViewConstraint.m
▸ Compiling MASViewAttribute.m
▸ Compiling MASLayoutConstraint.m
▸ Compiling MASConstraintMaker.m
▸ Compiling MASConstraint.m
▸ Compiling MASCompositeConstraint.m
▸ Compiling ViewController+MASAdditions.m
▸ Compiling View+MASAdditions.m

⚠️  /Users/langlib/Desktop/Science/Pods/Masonry/Masonry/View+MASAdditions.m:14:65: parameter of overriding method should be annotated with __attribute__((noescape)) [-Wmissing-noescape]

- (NSArray *)mas_makeConstraints:(void(^)(MASConstraintMaker *))block {
                                                                                   ^



⚠️  /Users/langlib/Desktop/Science/Pods/Masonry/Masonry/View+MASAdditions.m:21:67: parameter of overriding method should be annotated with __attribute__((noescape)) [-Wmissing-noescape]

- (NSArray *)mas_updateConstraints:(void(^)(MASConstraintMaker *))block {
                                                                                ^



⚠️  /Users/langlib/Desktop/Science/Pods/Masonry/Masonry/View+MASAdditions.m:29:71: parameter of overriding method should be annotated with __attribute__((noescape)) [-Wmissing-noescape]

- (NSArray *)mas_remakeConstraints:(void(^)(MASConstraintMaker *make))block {
                                                                                  ^


▸ Compiling NSLayoutConstraint+MASDebugAdditions.m
▸ Compiling NSArray+MASAdditions.m

⚠️  /Users/langlib/Desktop/Science/Pods/Masonry/Masonry/NSArray+MASAdditions.m:14:69: parameter of overriding method should be annotated with __attribute__((noescape)) [-Wmissing-noescape]

- (NSArray *)mas_makeConstraints:(void(^)(MASConstraintMaker *make))block {
                                                                                  ^



⚠️  /Users/langlib/Desktop/Science/Pods/Masonry/Masonry/NSArray+MASAdditions.m:23:71: parameter of overriding method should be annotated with __attribute__((noescape)) [-Wmissing-noescape]

- (NSArray *)mas_updateConstraints:(void(^)(MASConstraintMaker *make))block {
                                                                                 ^



⚠️  /Users/langlib/Desktop/Science/Pods/Masonry/Masonry/NSArray+MASAdditions.m:32:71: parameter of overriding method should be annotated with __attribute__((noescape)) [-Wmissing-noescape]

- (NSArray *)mas_remakeConstraints:(void(^)(MASConstraintMaker *make))block {
                                                                                   ^


▸ Building library libMasonry.a
▸ Compiling Masonry-dummy.m
▸ Compiling MASViewConstraint.m
▸ Compiling MASViewAttribute.m
▸ Compiling MASLayoutConstraint.m
▸ Compiling MASConstraintMaker.m
▸ Compiling MASConstraint.m
▸ Compiling MASCompositeConstraint.m
▸ Building library libMasonry.a
▸ Compiling Pods-Science-dummy.m
▸ Compiling Pods-Science-dummy.m
▸ Building library libPods-Science.a
▸ Building library libPods-Science.a
▸ Running script '[CP] Check Pods Manifest.lock'
▸ Compiling main.m
▸ Compiling ProxyObject.m
▸ Compiling LoopCapture.m
▸ Compiling ViewController.m
▸ Compiling ResponseChainVC.m
▸ Compiling Lock.m
▸ Compiling LBFile.m
▸ Compiling CallMessage.m
▸ Compiling AppDelegate.m
▸ Linking Science
▸ Copying /Users/langlib/Desktop/Science/Science/Readme
▸ Compiling Main.storyboard
▸ Compiling LaunchScreen.storyboard
▸ Processing Info.plist
▸ Touching Science.app (in target: Science)
▸ Build Succeeded
Skipping /Users/langlib/Desktop/Science/oclint_args. Compile command not found.

oclint: error: one compiler command contains multiple jobs:
 "/usr/local/Cellar/oclint/0.13/bin/oclint-0.13" "-cc1" "-triple" "arm64-apple-ios12.1.0" "-Wdeprecated-objc-isa-usage" "-Werror=deprecated-objc-isa-usage" "-Werror=implicit-function-declaration" "-fsyntax-only" "-fembed-bitcode=marker" "-disable-free" "-disable-llvm-verifier" "-discard-value-names" "-main-file-name" "DataStore" "-mrelocation-model" "pic" "-pic-level" "2" "-mthread-model" "posix" "-mdisable-fp-elim" "-masm-verbose" "-munwind-tables" "-target-cpu" "cyclone" "-target-feature" "+fp-armv8" "-target-feature" "+neon" "-target-feature" "+crypto" "-target-feature" "+zcm" "-target-feature" "+zcz" "-target-abi" "darwinpcs" "-target-linker-version" "302.3" "-dwarf-column-info" "-debug-info-kind=standalone" "-dwarf-version=4" "-debugger-tuning=lldb" "-resource-dir" "/usr/local/Cellar/oclint/0.13/lib/clang/5.0.0" "-dependency-file" "/Users/langlib/Library/Developer/Xcode/DerivedData/Science-fjfoinfhkiaxflftitnllmvezxid/Build/Intermediates.noindex/Science.build/Debug-iphoneos/Science.build/Objects-normal/arm64/main.d" "-MT" "dependencies" "-isysroot" "/Applications/Xcode.app/Contents/Developer/Platforms/iPhoneOS.platform/Developer/SDKs/iPhoneOS12.1.sdk" "-iquote" "/Users/langlib/Library/Developer/Xcode/DerivedData/Science-fjfoinfhkiaxflftitnllmvezxid/Build/Intermediates.noindex/Science.build/Debug-iphoneos/Science.build/Science-generated-files.hmap" "-iquote" "/Users/langlib/Library/Developer/Xcode/DerivedData/Science-fjfoinfhkiaxflftitnllmvezxid/Build/Intermediates.noindex/Science.build/Debug-iphoneos/Science.build/Science-project-headers.hmap" "-isystem" "/Users/langlib/Desktop/Science/Pods/Headers/Public" "-isystem" "/Users/langlib/Desktop/Science/Pods/Headers/Public/Masonry" "-D" "DEBUG=1" "-D" "COCOAPODS=1" "-D" "OBJC_OLD_DISPATCH_PROTOTYPES=0" "-I" "/Users/langlib/Library/Developer/Xcode/DerivedData/Science-fjfoinfhkiaxflftitnllmvezxid/Build/Intermediates.noindex/Science.build/Debug-iphoneos/Science.build/Science-own-target-headers.hmap" "-I" "/Users/langlib/Library/Developer/Xcode/DerivedData/Science-fjfoinfhkiaxflftitnllmvezxid/Build/Intermediates.noindex/Science.build/Debug-iphoneos/Science.build/Science-all-target-headers.hmap" "-I" "/Users/langlib/Library/Developer/Xcode/DerivedData/Science-fjfoinfhkiaxflftitnllmvezxid/Build/Products/Debug-iphoneos/include" "-I" "/Users/langlib/Desktop/Science/Pods/Headers/Public" "-I" "/Users/langlib/Desktop/Science/Pods/Headers/Public/Masonry" "-I" "/Users/langlib/Library/Developer/Xcode/DerivedData/Science-fjfoinfhkiaxflftitnllmvezxid/Build/Intermediates.noindex/Science.build/Debug-iphoneos/Science.build/DerivedSources/arm64" "-I" "/Users/langlib/Library/Developer/Xcode/DerivedData/Science-fjfoinfhkiaxflftitnllmvezxid/Build/Intermediates.noindex/Science.build/Debug-iphoneos/Science.build/DerivedSources" "-F/Users/langlib/Library/Developer/Xcode/DerivedData/Science-fjfoinfhkiaxflftitnllmvezxid/Build/Products/Debug-iphoneos" "-D" "__OCLINT__" "-O0" "-Wnon-modular-include-in-framework-module" "-Werror=non-modular-include-in-framework-module" "-Wno-trigraphs" "-Wno-missing-field-initializers" "-Wno-missing-prototypes" "-Werror=return-type" "-Wdocumentation" "-Wunreachable-code" "-Wno-implicit-atomic-properties" "-Werror=deprecated-objc-isa-usage" "-Wno-objc-interface-ivars" "-Werror=objc-root-class" "-Wno-arc-repeated-use-of-weak" "-Wimplicit-retain-self" "-Wduplicate-method-match" "-Wno-missing-braces" "-Wparentheses" "-Wswitch" "-Wunused-function" "-Wno-unused-label" "-Wno-unused-parameter" "-Wunused-variable" "-Wunused-value" "-Wempty-body" "-Wuninitialized" "-Wconditional-uninitialized" "-Wno-unknown-pragmas" "-Wno-shadow" "-Wno-four-char-constants" "-Wno-conversion" "-Wconstant-conversion" "-Wint-conversion" "-Wbool-conversion" "-Wenum-conversion" "-Wno-float-conversion" "-Wnon-literal-null-conversion" "-Wobjc-literal-conversion" "-Wshorten-64-to-32" "-Wpointer-sign" "-Wno-newline-eof" "-Wno-selector" "-Wno-strict-selector-match" "-Wundeclared-selector" "-Wdeprecated-implementations" "-Wprotocol" "-Wdeprecated
-declarations" "-Wno-sign-conversion" "-Winfinite-recursion" "-Wcomma" "-Wblock-capture-autoreleasing" "-Wstrict-prototypes" "-Wno-semicolon-before-method-body" "-Wunguarded-availability" "-std=gnu11" "-fdebug-compilation-dir" "/" "-ferror-limit" "19" "-fmacro-backtrace-limit" "0" "-fmessage-length" "0" "-stack-protector" "1" "-fallow-half-arguments-and-returns" "-fblocks" "-fmodules" "-fimplicit-module-maps" "-fmodules-cache-path=/Users/langlib/Library/Developer/Xcode/DerivedData/ModuleCache.noindex" "-fmodules-prune-interval=86400" "-fmodules-prune-after=345600" "-fbuild-session-timestamp=1547270755000000000" "-fmodules-validate-once-per-build-session" "-fobjc-runtime=ios-12.1.0" "-fencode-extended-block-signature" "-fobjc-arc" "-fobjc-weak" "-fobjc-exceptions" "-fexceptions" "-fpascal-strings" "-fmax-type-align=16" "-fno-common" "-fdiagnostics-show-option" "-fdiagnostics-show-note-include-stack" "-serialize-diagnostic-file" "/Users/langlib/Library/Developer/Xcode/DerivedData/Science-fjfoinfhkiaxflftitnllmvezxid/Build/Intermediates.noindex/Science.build/Debug-iphoneos/Science.build/Objects-normal/arm64/main.dia" "-x" "objective-c" "/Users/langlib/Library/Developer/Xcode/DerivedData/Science-fjfoinfhkiaxflftitnllmvezxid/Index/DataStore";  "/usr/local/Cellar/oclint/0.13/bin/oclint-0.13" "-cc1" "-triple" "arm64-apple-ios12.1.0" "-Wdeprecated-objc-isa-usage" "-Werror=deprecated-objc-isa-usage" "-Werror=implicit-function-declaration" "-fsyntax-only" "-fembed-bitcode=marker" "-disable-free" "-disable-llvm-verifier" "-discard-value-names" "-main-file-name" "main.m" "-mrelocation-model" "pic" "-pic-level" "2" "-mthread-model" "posix" "-mdisable-fp-elim" "-masm-verbose" "-munwind-tables" "-target-cpu" "cyclone" "-target-feature" "+fp-armv8" "-target-feature" "+neon" "-target-feature" "+crypto" "-target-feature" "+zcm" "-target-feature" "+zcz" "-target-abi" "darwinpcs" "-target-linker-version" "302.3" "-dwarf-column-info" "-debug-info-kind=standalone" "-dwarf-version=4" "-debugger-tuning=lldb" "-resource-dir" "/usr/local/Cellar/oclint/0.13/lib/clang/5.0.0" "-dependency-file" "/Users/langlib/Library/Developer/Xcode/DerivedData/Science-fjfoinfhkiaxflftitnllmvezxid/Build/Intermediates.noindex/Science.build/Debug-iphoneos/Science.build/Objects-normal/arm64/main.d" "-MT" "dependencies" "-isysroot" "/Applications/Xcode.app/Contents/Developer/Platforms/iPhoneOS.platform/Developer/SDKs/iPhoneOS12.1.sdk" "-iquote" "/Users/langlib/Library/Developer/Xcode/DerivedData/Science-fjfoinfhkiaxflftitnllmvezxid/Build/Intermediates.noindex/Science.build/Debug-iphoneos/Science.build/Science-generated-files.hmap" "-iquote" "/Users/langlib/Library/Developer/Xcode/DerivedData/Science-fjfoinfhkiaxflftitnllmvezxid/Build/Intermediates.noindex/Science.build/Debug-iphoneos/Science.build/Science-project-headers.hmap" "-isystem" "/Users/langlib/Desktop/Science/Pods/Headers/Public" "-isystem" "/Users/langlib/Desktop/Science/Pods/Headers/Public/Masonry" "-D" "DEBUG=1" "-D" "COCOAPODS=1" "-D" "OBJC_OLD_DISPATCH_PROTOTYPES=0" "-I" "/Users/langlib/Library/Developer/Xcode/DerivedData/Science-fjfoinfhkiaxflftitnllmvezxid/Build/Intermediates.noindex/Science.build/Debug-iphoneos/Science.build/Science-own-target-headers.hmap" "-I" "/Users/langlib/Library/Developer/Xcode/DerivedData/Science-fjfoinfhkiaxflftitnllmvezxid/Build/Intermediates.noindex/Science.build/Debug-iphoneos/Science.build/Science-all-target-headers.hmap" "-I" "/Users/langlib/Library/Developer/Xcode/DerivedData/Science-fjfoinfhkiaxflftitnllmvezxid/Build/Products/Debug-iphoneos/include" "-I" "/Users/langlib/Desktop/Science/Pods/Headers/Public" "-I" "/Users/langlib/Desktop/Science/Pods/Headers/Public/Masonry" "-I" "/Users/langlib/Library/Developer/Xcode/DerivedData/Science-fjfoinfhkiaxflftitnllmvezxid/Build/Intermediates.noindex/Science.build/Debug-iphoneos/Science.build/DerivedSources/arm64" "-I" "/Users/langlib/Library/Developer/Xcode/DerivedData/Science-fjfoinfhkiaxflftitnllmvezxid/Build/Intermediates.noindex/Science.build/Debug-iphoneos/Science.build/DerivedSources" "-F/Users/langlib/Library/Developer/X
code/DerivedData/Science-fjfoinfhkiaxflftitnllmvezxid/Build/Products/Debug-iphoneos" "-D" "__OCLINT__" "-O0" "-Wnon-modular-include-in-framework-module" "-Werror=non-modular-include-in-framework-module" "-Wno-trigraphs" "-Wno-missing-field-initializers" "-Wno-missing-prototypes" "-Werror=return-type" "-Wdocumentation" "-Wunreachable-code" "-Wno-implicit-atomic-properties" "-Werror=deprecated-objc-isa-usage" "-Wno-objc-interface-ivars" "-Werror=objc-root-class" "-Wno-arc-repeated-use-of-weak" "-Wimplicit-retain-self" "-Wduplicate-method-match" "-Wno-missing-braces" "-Wparentheses" "-Wswitch" "-Wunused-function" "-Wno-unused-label" "-Wno-unused-parameter" "-Wunused-variable" "-Wunused-value" "-Wempty-body" "-Wuninitialized" "-Wconditional-uninitialized" "-Wno-unknown-pragmas" "-Wno-shadow" "-Wno-four-char-constants" "-Wno-conversion" "-Wconstant-conversion" "-Wint-conversion" "-Wbool-conversion" "-Wenum-conversion" "-Wno-float-conversion" "-Wnon-literal-null-conversion" "-Wobjc-literal-conversion" "-Wshorten-64-to-32" "-Wpointer-sign" "-Wno-newline-eof" "-Wno-selector" "-Wno-strict-selector-match" "-Wundeclared-selector" "-Wdeprecated-implementations" "-Wprotocol" "-Wdeprecated-declarations" "-Wno-sign-conversion" "-Winfinite-recursion" "-Wcomma" "-Wblock-capture-autoreleasing" "-Wstrict-prototypes" "-Wno-semicolon-before-method-body" "-Wunguarded-availability" "-std=gnu11" "-fdebug-compilation-dir" "/" "-ferror-limit" "19" "-fmacro-backtrace-limit" "0" "-fmessage-length" "0" "-stack-protector" "1" "-fallow-half-arguments-and-returns" "-fblocks" "-fmodules" "-fimplicit-module-maps" "-fmodules-cache-path=/Users/langlib/Library/Developer/Xcode/DerivedData/ModuleCache.noindex" "-fmodules-prune-interval=86400" "-fmodules-prune-after=345600" "-fbuild-session-timestamp=1547270755000000000" "-fmodules-validate-once-per-build-session" "-fobjc-runtime=ios-12.1.0" "-fencode-extended-block-signature" "-fobjc-arc" "-fobjc-weak" "-fobjc-exceptions" "-fexceptions" "-fpascal-strings" "-fmax-type-align=16" "-fno-common" "-fdiagnostics-show-option" "-fdiagnostics-show-note-include-stack" "-serialize-diagnostic-file" "/Users/langlib/Library/Developer/Xcode/DerivedData/Science-fjfoinfhkiaxflftitnllmvezxid/Build/Intermediates.noindex/Science.build/Debug-iphoneos/Science.build/Objects-normal/arm64/main.dia" "-x" "objective-c" "/Users/langlib/Desktop/Science/Science/main.m"; 

------------------------------ OCLint ------------------------------
/usr/local/bin/oclint -p /Users/langlib/Desktop/Science oclint_args -report-type xcode -disable-rule ObjCAssignIvarOutsideAccessors -disable-rule ShortVariableName -rc=MINIMUM_CASES_IN_SWITCH=3 -rc=CYCLOMATIC_COMPLEXITY=10 -rc=LONG_CLASS=700 -rc=LONG_LINE=200 -rc=NCSS_METHOD=40 -rc=NESTED_BLOCK_DEPTH=5 -rc=TOO_MANY_FIELDS=20 -rc=TOO_MANY_METHODS=30 -rc=TOO_MANY_PARAMETERS=6 /Users/langlib/Desktop/Science/Science/main.m /Users/langlib/Desktop/Science/Science/ProxyObject.m /Users/langlib/Desktop/Science/Science/LoopCapture.m /Users/langlib/Desktop/Science/Science/ViewController.m /Users/langlib/Desktop/Science/Science/ResponseChainVC.m /Users/langlib/Desktop/Science/Science/Lock.m /Users/langlib/Desktop/Science/Science/LBFile.m /Users/langlib/Desktop/Science/Science/CallMessage.m /Users/langlib/Desktop/Science/Science/AppDelegate.m
--------------------------------------------------------------------

Build system information
error: error: accessing build database "/Users/langlib/Desktop/Science/build/XCBuildData/build.db": disk I/O error

